[master a6924f0] Atualizacao da semana
 Committer: root <root@debianservo02.inspiracao.adm.br>
Your name and email address were configured automatically based
on your username and hostname. Please check that they are accurate.
You can suppress this message by setting them explicitly. Run the
following command and follow the instructions in your editor to edit
your configuration file:

    git config --global --edit

After doing this, you may fix the identity used for this commit with:

    git commit --amend --reset-author

 9 files changed, 329 insertions(+), 102 deletions(-)
 create mode 100755 git.sh
 rewrite semana-201913/DesbloqueioSemana2019-03-27.csv (100%)
 create mode 100644 semana-201913/DesbloqueioSemana2019-03-28.csv
 create mode 100644 semana-201913/DesbloqueioSemana2019-03-29.csv
[master 7aca398] Atualizacao da semana
 Committer: root <root@debianservo02.inspiracao.adm.br>
Your name and email address were configured automatically based
on your username and hostname. Please check that they are accurate.
You can suppress this message by setting them explicitly. Run the
following command and follow the instructions in your editor to edit
your configuration file:

    git config --global --edit

After doing this, you may fix the identity used for this commit with:

    git commit --amend --reset-author

 11 files changed, 2296 insertions(+), 71 deletions(-)
 create mode 100644 semana-201914/DesbloqueioSemana2019-04-01.csv
 create mode 100644 semana-201914/DesbloqueioSemana2019-04-02.csv
 create mode 100644 semana-201914/DesbloqueioSemana2019-04-03.csv
 create mode 100644 semana-201914/DesbloqueioSemana2019-04-03.csv.bkp
 create mode 100644 semana-201914/DesbloqueioSemana2019-04-04.csv
 create mode 100644 semana-201914/DesbloqueioSemana2019-04-05.csv
 create mode 100644 semana-201914/ListSemana14.csv.bkp2
 create mode 100644 semana-201915/ListSemana15.csv
 create mode 100644 semana-201915/ListSemana15.csv.bkp
[master 1df8075] Atualizacao da semana
 Committer: root <root@debianservo02.inspiracao.adm.br>
Your name and email address were configured automatically based
on your username and hostname. Please check that they are accurate.
You can suppress this message by setting them explicitly. Run the
following command and follow the instructions in your editor to edit
your configuration file:

    git config --global --edit

After doing this, you may fix the identity used for this commit with:

    git commit --amend --reset-author

 13 files changed, 3852 insertions(+), 320 deletions(-)
 create mode 100644 semana-201914/DesbloqueioSemana2019-04-06.csv
 create mode 100644 semana-201915/DesbloqueioSemana2019-04-06.csv
 create mode 100644 semana-201915/DesbloqueioSemana2019-04-08.csv
 create mode 100644 semana-201915/DesbloqueioSemana2019-04-09.csv
 create mode 100644 semana-201915/DesbloqueioSemana2019-04-10.csv
 create mode 100644 semana-201915/DesbloqueioSemana2019-04-11.csv
 create mode 100644 semana-201915/DesbloqueioSemana2019-04-12.csv
 create mode 100644 semana-201916/ListSemana16.csv
 create mode 100644 semana-201916/ListSemana16.csv.bkp
[master 8357968] Atualizacao da semana
 Committer: root <root@debianservo02.inspiracao.adm.br>
Your name and email address were configured automatically based
on your username and hostname. Please check that they are accurate.
You can suppress this message by setting them explicitly. Run the
following command and follow the instructions in your editor to edit
your configuration file:

    git config --global --edit

After doing this, you may fix the identity used for this commit with:

    git commit --amend --reset-author

 11 files changed, 2024 insertions(+), 155 deletions(-)
 create mode 100644 semana-201915/DesbloqueioSemana2019-04-13.csv
 create mode 100644 semana-201916/DesbloqueioSemana2019-04-13.csv
 create mode 100644 semana-201916/DesbloqueioSemana2019-04-15.csv
 create mode 100644 semana-201916/DesbloqueioSemana2019-04-16.csv
 create mode 100644 semana-201916/DesbloqueioSemana2019-04-17.csv
 create mode 100644 semana-201916/DesbloqueioSemana2019-04-18.csv
 create mode 100644 semana-201916/DesbloqueioSemana2019-04-19.csv
[master d0e5b4e] Atualizacao da semana
 Committer: root <root@debianservo02.inspiracao.adm.br>
Your name and email address were configured automatically based
on your username and hostname. Please check that they are accurate.
You can suppress this message by setting them explicitly. Run the
following command and follow the instructions in your editor to edit
your configuration file:

    git config --global --edit

After doing this, you may fix the identity used for this commit with:

    git commit --amend --reset-author

 9 files changed, 2850 insertions(+)
 create mode 100644 semana-201917/DesbloqueioSemana2019-04-24.csv
 create mode 100644 semana-201917/DesbloqueioSemana2019-04-25.csv
 create mode 100644 semana-201917/DesbloqueioSemana2019-04-26.csv
 create mode 100644 semana-201917/ListSemana17.csv
 create mode 100644 semana-201917/ListSemana17.csv.bkp
 create mode 100644 semana-201918/ListSemana18.csv
 create mode 100644 semana-201918/ListSemana18.csv.bkp
[master e3f9db9] Atualizacao da semana
 Committer: root <root@debianservo02.inspiracao.adm.br>
Your name and email address were configured automatically based
on your username and hostname. Please check that they are accurate.
You can suppress this message by setting them explicitly. Run the
following command and follow the instructions in your editor to edit
your configuration file:

    git config --global --edit

After doing this, you may fix the identity used for this commit with:

    git commit --amend --reset-author

 9 files changed, 1620 insertions(+), 122 deletions(-)
 create mode 100644 semana-201918/DesbloqueioSemana2019-04-27.csv
 create mode 100644 semana-201918/DesbloqueioSemana2019-04-29.csv
 create mode 100644 semana-201918/DesbloqueioSemana2019-04-30.csv
 create mode 100644 semana-201918/DesbloqueioSemana2019-05-01.csv
 create mode 100644 semana-201918/DesbloqueioSemana2019-05-02.csv
 create mode 100644 semana-201918/DesbloqueioSemana2019-05-03.csv
[master 2e78f64] Atualizacao da semana
 Committer: root <root@debianservo02.inspiracao.adm.br>
Your name and email address were configured automatically based
on your username and hostname. Please check that they are accurate.
You can suppress this message by setting them explicitly. Run the
following command and follow the instructions in your editor to edit
your configuration file:

    git config --global --edit

After doing this, you may fix the identity used for this commit with:

    git commit --amend --reset-author

 4 files changed, 857 insertions(+)
 create mode 100644 semana-201920/ListSemana20.csv
 create mode 100644 semana-201920/ListSemana20.csv.bkp
[master 2cbe994] Atualizacao da semana
 Committer: root <root@debianservo02.inspiracao.adm.br>
Your name and email address were configured automatically based
on your username and hostname. Please check that they are accurate.
You can suppress this message by setting them explicitly. Run the
following command and follow the instructions in your editor to edit
your configuration file:

    git config --global --edit

After doing this, you may fix the identity used for this commit with:

    git commit --amend --reset-author

 11 files changed, 3908 insertions(+), 414 deletions(-)
 create mode 100644 semana-201920/DesbloqueioSemana2019-05-11.csv
 create mode 100644 semana-201920/DesbloqueioSemana2019-05-13.csv
 create mode 100644 semana-201920/DesbloqueioSemana2019-05-14.csv
 create mode 100644 semana-201920/DesbloqueioSemana2019-05-15.csv
 create mode 100644 semana-201920/DesbloqueioSemana2019-05-16.csv
 create mode 100644 semana-201920/DesbloqueioSemana2019-05-17.csv
 rewrite semana-201920/ListSemana20.csv (63%)
 create mode 100644 semana-201921/ListSemana21.csv
 create mode 100644 semana-201921/ListSemana21.csv.bkp
[master 272e214] Atualizacao da semana
 Committer: root <root@debianservo02.inspiracao.adm.br>
Your name and email address were configured automatically based
on your username and hostname. Please check that they are accurate.
You can suppress this message by setting them explicitly. Run the
following command and follow the instructions in your editor to edit
your configuration file:

    git config --global --edit

After doing this, you may fix the identity used for this commit with:

    git commit --amend --reset-author

 11 files changed, 2973 insertions(+), 155 deletions(-)
 create mode 100644 semana-201921/DesbloqueioSemana2019-05-18.csv
 create mode 100644 semana-201921/DesbloqueioSemana2019-05-20.csv
 create mode 100644 semana-201921/DesbloqueioSemana2019-05-21.csv
 create mode 100644 semana-201921/DesbloqueioSemana2019-05-22.csv
 create mode 100644 semana-201921/DesbloqueioSemana2019-05-23.csv
 create mode 100644 semana-201921/DesbloqueioSemana2019-05-24.csv
 create mode 100644 semana-201922/ListSemana22.csv
 create mode 100644 semana-201922/ListSemana22.csv.bkp
